This file contains any messages produced by compilers while
running configure, to aid debugging if configure makes a mistake.

It was created by Jed configure 0.99-19, which was
generated by GNU Autoconf 2.69.  Invocation command line was

  $ ./configure --prefix=/usr

## --------- ##
## Platform. ##
## --------- ##

hostname = quicksand64
uname -m = x86_64
uname -r = 4.18.0-15-generic
uname -s = Linux
uname -v = #16-Ubuntu SMP Thu Feb 7 10:56:39 UTC 2019

/usr/bin/uname -p = unknown
/bin/uname -X     = unknown

/bin/arch              = unknown
/usr/bin/arch -k       = unknown
/usr/convex/getsysinfo = unknown
/usr/bin/hostinfo      = unknown
/bin/machine           = unknown
/usr/bin/oslevel       = unknown
/bin/universe          = unknown

PATH: /root/.bin
PATH: /root/.help
PATH: /usr/local/sbin
PATH: /usr/local/bin
PATH: /usr/sbin
PATH: /usr/bin
PATH: /sbin
PATH: /bin
PATH: /usr/games
PATH: /usr/local/games


## ----------- ##
## Core tests. ##
## ----------- ##

configure:2541: checking build system type
configure:2555: result: x86_64-unknown-linux-gnu
configure:2575: checking host system type
configure:2588: result: x86_64-unknown-linux-gnu
configure:2608: checking whether make sets $(MAKE)
configure:2630: result: yes
configure:2682: checking for ranlib
configure:2698: found /usr/bin/ranlib
configure:2709: result: ranlib
configure:2745: checking for a BSD-compatible install
configure:2813: result: /usr/bin/install -c
configure:2873: checking for gcc
configure:2889: found /usr/bin/gcc
configure:2900: result: gcc
configure:3129: checking for C compiler version
configure:3138: gcc --version >&5
gcc (Ubuntu 8.2.0-7ubuntu1) 8.2.0
Copyright (C) 2018 Free Software Foundation, Inc.
This is free software; see the source for copying conditions.  There is NO
warranty; not even for MERCHANTABILITY or FITNESS FOR A PARTICULAR PURPOSE.

configure:3149: $? = 0
configure:3138: gcc -v >&5
Using built-in specs.
COLLECT_GCC=gcc
COLLECT_LTO_WRAPPER=/usr/lib/gcc/x86_64-linux-gnu/8/lto-wrapper
OFFLOAD_TARGET_NAMES=nvptx-none
OFFLOAD_TARGET_DEFAULT=1
Target: x86_64-linux-gnu
Configured with: ../src/configure -v --with-pkgversion='Ubuntu 8.2.0-7ubuntu1' --with-bugurl=file:///usr/share/doc/gcc-8/README.Bugs --enable-languages=c,ada,c++,go,brig,d,fortran,objc,obj-c++ --prefix=/usr --with-gcc-major-version-only --program-suffix=-8 --program-prefix=x86_64-linux-gnu- --enable-shared --enable-linker-build-id --libexecdir=/usr/lib --without-included-gettext --enable-threads=posix --libdir=/usr/lib --enable-nls --with-sysroot=/ --enable-clocale=gnu --enable-libstdcxx-debug --enable-libstdcxx-time=yes --with-default-libstdcxx-abi=new --enable-gnu-unique-object --disable-vtable-verify --enable-libmpx --enable-plugin --enable-default-pie --with-system-zlib --with-target-system-zlib --enable-objc-gc=auto --enable-multiarch --disable-werror --with-arch-32=i686 --with-abi=m64 --with-multilib-list=m32,m64,mx32 --enable-multilib --with-tune=generic --enable-offload-targets=nvptx-none --without-cuda-driver --enable-checking=release --build=x86_64-linux-gnu --host=x86_64-linux-gnu --target=x86_64-linux-gnu
Thread model: posix
gcc version 8.2.0 (Ubuntu 8.2.0-7ubuntu1) 
configure:3149: $? = 0
configure:3138: gcc -V >&5
gcc: error: unrecognized command line option '-V'
gcc: fatal error: no input files
compilation terminated.
configure:3149: $? = 1
configure:3138: gcc -qversion >&5
gcc: error: unrecognized command line option '-qversion'; did you mean '--version'?
gcc: fatal error: no input files
compilation terminated.
configure:3149: $? = 1
configure:3169: checking whether the C compiler works
configure:3191: gcc    conftest.c  >&5
configure:3195: $? = 0
configure:3243: result: yes
configure:3246: checking for C compiler default output file name
configure:3248: result: a.out
configure:3254: checking for suffix of executables
configure:3261: gcc -o conftest    conftest.c  >&5
configure:3265: $? = 0
configure:3287: result: 
configure:3309: checking whether we are cross compiling
configure:3317: gcc -o conftest    conftest.c  >&5
configure:3321: $? = 0
configure:3328: ./conftest
configure:3332: $? = 0
configure:3347: result: no
configure:3352: checking for suffix of object files
configure:3374: gcc -c   conftest.c >&5
configure:3378: $? = 0
configure:3399: result: o
configure:3403: checking whether we are using the GNU C compiler
configure:3422: gcc -c   conftest.c >&5
configure:3422: $? = 0
configure:3431: result: yes
configure:3440: checking whether gcc accepts -g
configure:3460: gcc -c -g  conftest.c >&5
configure:3460: $? = 0
configure:3501: result: yes
configure:3518: checking for gcc option to accept ISO C89
configure:3581: gcc  -c -g -O2  conftest.c >&5
configure:3581: $? = 0
configure:3594: result: none needed
configure:3620: checking how to run the C preprocessor
configure:3651: gcc -E  conftest.c
configure:3651: $? = 0
configure:3665: gcc -E  conftest.c
conftest.c:9:10: fatal error: ac_nonexistent.h: No such file or directory
 #include <ac_nonexistent.h>
          ^~~~~~~~~~~~~~~~~~
compilation terminated.
configure:3665: $? = 1
configure: failed program was:
| /* confdefs.h */
| #define PACKAGE_NAME "Jed"
| #define PACKAGE_TARNAME "jed"
| #define PACKAGE_VERSION "0.99-19"
| #define PACKAGE_STRING "Jed 0.99-19"
| #define PACKAGE_BUGREPORT "jed-users@jedsoft.org"
| #define PACKAGE_URL ""
| /* end confdefs.h.  */
| #include <ac_nonexistent.h>
configure:3690: result: gcc -E
configure:3710: gcc -E  conftest.c
configure:3710: $? = 0
configure:3724: gcc -E  conftest.c
conftest.c:9:10: fatal error: ac_nonexistent.h: No such file or directory
 #include <ac_nonexistent.h>
          ^~~~~~~~~~~~~~~~~~
compilation terminated.
configure:3724: $? = 1
configure: failed program was:
| /* confdefs.h */
| #define PACKAGE_NAME "Jed"
| #define PACKAGE_TARNAME "jed"
| #define PACKAGE_VERSION "0.99-19"
| #define PACKAGE_STRING "Jed 0.99-19"
| #define PACKAGE_BUGREPORT "jed-users@jedsoft.org"
| #define PACKAGE_URL ""
| /* end confdefs.h.  */
| #include <ac_nonexistent.h>
configure:3753: checking for grep that handles long lines and -e
configure:3811: result: /bin/grep
configure:3816: checking for egrep
configure:3878: result: /bin/grep -E
configure:3883: checking for ANSI C header files
configure:3903: gcc -c -g -O2  conftest.c >&5
configure:3903: $? = 0
configure:3976: gcc -o conftest -g -O2   conftest.c  >&5
configure:3976: $? = 0
configure:3976: ./conftest
configure:3976: $? = 0
configure:3987: result: yes
configure:4000: checking for sys/types.h
configure:4000: gcc -c -g -O2  conftest.c >&5
configure:4000: $? = 0
configure:4000: result: yes
configure:4000: checking for sys/stat.h
configure:4000: gcc -c -g -O2  conftest.c >&5
configure:4000: $? = 0
configure:4000: result: yes
configure:4000: checking for stdlib.h
configure:4000: gcc -c -g -O2  conftest.c >&5
configure:4000: $? = 0
configure:4000: result: yes
configure:4000: checking for string.h
configure:4000: gcc -c -g -O2  conftest.c >&5
configure:4000: $? = 0
configure:4000: result: yes
configure:4000: checking for memory.h
configure:4000: gcc -c -g -O2  conftest.c >&5
configure:4000: $? = 0
configure:4000: result: yes
configure:4000: checking for strings.h
configure:4000: gcc -c -g -O2  conftest.c >&5
configure:4000: $? = 0
configure:4000: result: yes
configure:4000: checking for inttypes.h
configure:4000: gcc -c -g -O2  conftest.c >&5
configure:4000: $? = 0
configure:4000: result: yes
configure:4000: checking for stdint.h
configure:4000: gcc -c -g -O2  conftest.c >&5
configure:4000: $? = 0
configure:4000: result: yes
configure:4000: checking for unistd.h
configure:4000: gcc -c -g -O2  conftest.c >&5
configure:4000: $? = 0
configure:4000: result: yes
configure:4013: checking minix/config.h usability
configure:4013: gcc -c -g -O2  conftest.c >&5
conftest.c:52:10: fatal error: minix/config.h: No such file or directory
 #include <minix/config.h>
          ^~~~~~~~~~~~~~~~
compilation terminated.
configure:4013: $? = 1
configure: failed program was:
| /* confdefs.h */
| #define PACKAGE_NAME "Jed"
| #define PACKAGE_TARNAME "jed"
| #define PACKAGE_VERSION "0.99-19"
| #define PACKAGE_STRING "Jed 0.99-19"
| #define PACKAGE_BUGREPORT "jed-users@jedsoft.org"
| #define PACKAGE_URL ""
| #define STDC_HEADERS 1
| #define HAVE_SYS_TYPES_H 1
| #define HAVE_SYS_STAT_H 1
| #define HAVE_STDLIB_H 1
| #define HAVE_STRING_H 1
| #define HAVE_MEMORY_H 1
| #define HAVE_STRINGS_H 1
| #define HAVE_INTTYPES_H 1
| #define HAVE_STDINT_H 1
| #define HAVE_UNISTD_H 1
| /* end confdefs.h.  */
| #include <stdio.h>
| #ifdef HAVE_SYS_TYPES_H
| # include <sys/types.h>
| #endif
| #ifdef HAVE_SYS_STAT_H
| # include <sys/stat.h>
| #endif
| #ifdef STDC_HEADERS
| # include <stdlib.h>
| # include <stddef.h>
| #else
| # ifdef HAVE_STDLIB_H
| #  include <stdlib.h>
| # endif
| #endif
| #ifdef HAVE_STRING_H
| # if !defined STDC_HEADERS && defined HAVE_MEMORY_H
| #  include <memory.h>
| # endif
| # include <string.h>
| #endif
| #ifdef HAVE_STRINGS_H
| # include <strings.h>
| #endif
| #ifdef HAVE_INTTYPES_H
| # include <inttypes.h>
| #endif
| #ifdef HAVE_STDINT_H
| # include <stdint.h>
| #endif
| #ifdef HAVE_UNISTD_H
| # include <unistd.h>
| #endif
| #include <minix/config.h>
configure:4013: result: no
configure:4013: checking minix/config.h presence
configure:4013: gcc -E  conftest.c
conftest.c:19:10: fatal error: minix/config.h: No such file or directory
 #include <minix/config.h>
          ^~~~~~~~~~~~~~~~
compilation terminated.
configure:4013: $? = 1
configure: failed program was:
| /* confdefs.h */
| #define PACKAGE_NAME "Jed"
| #define PACKAGE_TARNAME "jed"
| #define PACKAGE_VERSION "0.99-19"
| #define PACKAGE_STRING "Jed 0.99-19"
| #define PACKAGE_BUGREPORT "jed-users@jedsoft.org"
| #define PACKAGE_URL ""
| #define STDC_HEADERS 1
| #define HAVE_SYS_TYPES_H 1
| #define HAVE_SYS_STAT_H 1
| #define HAVE_STDLIB_H 1
| #define HAVE_STRING_H 1
| #define HAVE_MEMORY_H 1
| #define HAVE_STRINGS_H 1
| #define HAVE_INTTYPES_H 1
| #define HAVE_STDINT_H 1
| #define HAVE_UNISTD_H 1
| /* end confdefs.h.  */
| #include <minix/config.h>
configure:4013: result: no
configure:4013: checking for minix/config.h
configure:4013: result: no
configure:4034: checking whether it is safe to define __EXTENSIONS__
configure:4052: gcc -c -g -O2  conftest.c >&5
configure:4052: $? = 0
configure:4059: result: yes
configure:4074: checking whether gcc needs -traditional
configure:4108: result: no
configure:4120: checking for library containing strerror
configure:4151: gcc -o conftest -g -O2   conftest.c  >&5
configure:4151: $? = 0
configure:4168: result: none required
configure:4194: checking C compiler that understands ANSI prototypes
configure:4208: gcc -c -g -O2  conftest.c >&5
configure:4208: $? = 0
configure:4210: result: gcc looks ok.  Good.
configure:4224: checking dlfcn.h usability
configure:4224: gcc -c -g -O2  conftest.c >&5
configure:4224: $? = 0
configure:4224: result: yes
configure:4224: checking dlfcn.h presence
configure:4224: gcc -E  conftest.c
configure:4224: $? = 0
configure:4224: result: yes
configure:4224: checking for dlfcn.h
configure:4224: result: yes
configure:4230: checking for dlopen in -ldl
configure:4255: gcc -o conftest -g -O2   conftest.c -ldl   >&5
configure:4255: $? = 0
configure:4264: result: yes
configure:4524: checking for pkg-config
configure:4542: found /usr/bin/pkg-config
configure:4554: result: /usr/bin/pkg-config
configure:4579: checking pkg-config is at least version 0.14.0
configure:4582: result: yes
configure:4593: checking for X
configure:4701: gcc -E  conftest.c
configure:4701: $? = 0
configure:4732: gcc -o conftest -g -O2   conftest.c -lX11  >&5
configure:4732: $? = 0
configure:4782: result: libraries , headers 
configure:4881: gcc -o conftest -g -O2   conftest.c   -lX11 >&5
configure:4881: $? = 0
configure:4979: checking for gethostbyname
configure:4979: gcc -o conftest -g -O2   conftest.c  >&5
configure:4979: $? = 0
configure:4979: result: yes
configure:5076: checking for connect
configure:5076: gcc -o conftest -g -O2   conftest.c  >&5
configure:5076: $? = 0
configure:5076: result: yes
configure:5125: checking for remove
configure:5125: gcc -o conftest -g -O2   conftest.c  >&5
configure:5125: $? = 0
configure:5125: result: yes
configure:5174: checking for shmat
configure:5174: gcc -o conftest -g -O2   conftest.c  >&5
configure:5174: $? = 0
configure:5174: result: yes
configure:5232: checking for IceConnectionNumber in -lICE
configure:5257: gcc -o conftest -g -O2   conftest.c -lICE   >&5
configure:5257: $? = 0
configure:5266: result: yes
configure:5292: checking for stdlib.h
configure:5292: result: yes
configure:5292: checking for unistd.h
configure:5292: result: yes
configure:5292: checking for memory.h
configure:5292: result: yes
configure:5292: checking glob.h usability
configure:5292: gcc -c -g -O2  conftest.c >&5
configure:5292: $? = 0
configure:5292: result: yes
configure:5292: checking glob.h presence
configure:5292: gcc -E  conftest.c
configure:5292: $? = 0
configure:5292: result: yes
configure:5292: checking for glob.h
configure:5292: result: yes
configure:5292: checking malloc.h usability
configure:5292: gcc -c -g -O2  conftest.c >&5
configure:5292: $? = 0
configure:5292: result: yes
configure:5292: checking malloc.h presence
configure:5292: gcc -E  conftest.c
configure:5292: $? = 0
configure:5292: result: yes
configure:5292: checking for malloc.h
configure:5292: result: yes
configure:5292: checking termios.h usability
configure:5292: gcc -c -g -O2  conftest.c >&5
configure:5292: $? = 0
configure:5292: result: yes
configure:5292: checking termios.h presence
configure:5292: gcc -E  conftest.c
configure:5292: $? = 0
configure:5292: result: yes
configure:5292: checking for termios.h
configure:5292: result: yes
configure:5292: checking fcntl.h usability
configure:5292: gcc -c -g -O2  conftest.c >&5
configure:5292: $? = 0
configure:5292: result: yes
configure:5292: checking fcntl.h presence
configure:5292: gcc -E  conftest.c
configure:5292: $? = 0
configure:5292: result: yes
configure:5292: checking for fcntl.h
configure:5292: result: yes
configure:5292: checking sys/fcntl.h usability
configure:5292: gcc -c -g -O2  conftest.c >&5
configure:5292: $? = 0
configure:5292: result: yes
configure:5292: checking sys/fcntl.h presence
configure:5292: gcc -E  conftest.c
configure:5292: $? = 0
configure:5292: result: yes
configure:5292: checking for sys/fcntl.h
configure:5292: result: yes
configure:5292: checking sys/pty.h usability
configure:5292: gcc -c -g -O2  conftest.c >&5
conftest.c:67:10: fatal error: sys/pty.h: No such file or directory
 #include <sys/pty.h>
          ^~~~~~~~~~~
compilation terminated.
configure:5292: $? = 1
configure: failed program was:
| /* confdefs.h */
| #define PACKAGE_NAME "Jed"
| #define PACKAGE_TARNAME "jed"
| #define PACKAGE_VERSION "0.99-19"
| #define PACKAGE_STRING "Jed 0.99-19"
| #define PACKAGE_BUGREPORT "jed-users@jedsoft.org"
| #define PACKAGE_URL ""
| #define STDC_HEADERS 1
| #define HAVE_SYS_TYPES_H 1
| #define HAVE_SYS_STAT_H 1
| #define HAVE_STDLIB_H 1
| #define HAVE_STRING_H 1
| #define HAVE_MEMORY_H 1
| #define HAVE_STRINGS_H 1
| #define HAVE_INTTYPES_H 1
| #define HAVE_STDINT_H 1
| #define HAVE_UNISTD_H 1
| #define __EXTENSIONS__ 1
| #define _ALL_SOURCE 1
| #define _GNU_SOURCE 1
| #define _POSIX_PTHREAD_SEMANTICS 1
| #define _TANDEM_SOURCE 1
| #define HAVE_DLFCN_H 1
| #define HAVE_DLOPEN 1
| #define HAVE_STDLIB_H 1
| #define HAVE_UNISTD_H 1
| #define HAVE_MEMORY_H 1
| #define HAVE_GLOB_H 1
| #define HAVE_MALLOC_H 1
| #define HAVE_TERMIOS_H 1
| #define HAVE_FCNTL_H 1
| #define HAVE_SYS_FCNTL_H 1
| /* end confdefs.h.  */
| #include <stdio.h>
| #ifdef HAVE_SYS_TYPES_H
| # include <sys/types.h>
| #endif
| #ifdef HAVE_SYS_STAT_H
| # include <sys/stat.h>
| #endif
| #ifdef STDC_HEADERS
| # include <stdlib.h>
| # include <stddef.h>
| #else
| # ifdef HAVE_STDLIB_H
| #  include <stdlib.h>
| # endif
| #endif
| #ifdef HAVE_STRING_H
| # if !defined STDC_HEADERS && defined HAVE_MEMORY_H
| #  include <memory.h>
| # endif
| # include <string.h>
| #endif
| #ifdef HAVE_STRINGS_H
| # include <strings.h>
| #endif
| #ifdef HAVE_INTTYPES_H
| # include <inttypes.h>
| #endif
| #ifdef HAVE_STDINT_H
| # include <stdint.h>
| #endif
| #ifdef HAVE_UNISTD_H
| # include <unistd.h>
| #endif
| #include <sys/pty.h>
configure:5292: result: no
configure:5292: checking sys/pty.h presence
configure:5292: gcc -E  conftest.c
conftest.c:34:10: fatal error: sys/pty.h: No such file or directory
 #include <sys/pty.h>
          ^~~~~~~~~~~
compilation terminated.
configure:5292: $? = 1
configure: failed program was:
| /* confdefs.h */
| #define PACKAGE_NAME "Jed"
| #define PACKAGE_TARNAME "jed"
| #define PACKAGE_VERSION "0.99-19"
| #define PACKAGE_STRING "Jed 0.99-19"
| #define PACKAGE_BUGREPORT "jed-users@jedsoft.org"
| #define PACKAGE_URL ""
| #define STDC_HEADERS 1
| #define HAVE_SYS_TYPES_H 1
| #define HAVE_SYS_STAT_H 1
| #define HAVE_STDLIB_H 1
| #define HAVE_STRING_H 1
| #define HAVE_MEMORY_H 1
| #define HAVE_STRINGS_H 1
| #define HAVE_INTTYPES_H 1
| #define HAVE_STDINT_H 1
| #define HAVE_UNISTD_H 1
| #define __EXTENSIONS__ 1
| #define _ALL_SOURCE 1
| #define _GNU_SOURCE 1
| #define _POSIX_PTHREAD_SEMANTICS 1
| #define _TANDEM_SOURCE 1
| #define HAVE_DLFCN_H 1
| #define HAVE_DLOPEN 1
| #define HAVE_STDLIB_H 1
| #define HAVE_UNISTD_H 1
| #define HAVE_MEMORY_H 1
| #define HAVE_GLOB_H 1
| #define HAVE_MALLOC_H 1
| #define HAVE_TERMIOS_H 1
| #define HAVE_FCNTL_H 1
| #define HAVE_SYS_FCNTL_H 1
| /* end confdefs.h.  */
| #include <sys/pty.h>
configure:5292: result: no
configure:5292: checking for sys/pty.h
configure:5292: result: no
configure:5292: checking pty.h usability
configure:5292: gcc -c -g -O2  conftest.c >&5
configure:5292: $? = 0
configure:5292: result: yes
configure:5292: checking pty.h presence
configure:5292: gcc -E  conftest.c
configure:5292: $? = 0
configure:5292: result: yes
configure:5292: checking for pty.h
configure:5292: result: yes
configure:5304: checking for sys/wait.h that is POSIX.1 compatible
configure:5330: gcc -c -g -O2  conftest.c >&5
configure:5330: $? = 0
configure:5337: result: yes
configure:5348: checking for dirent.h that defines DIR
configure:5367: gcc -c -g -O2  conftest.c >&5
configure:5367: $? = 0
configure:5375: result: yes
configure:5388: checking for library containing opendir
configure:5419: gcc -o conftest -g -O2   conftest.c  >&5
configure:5419: $? = 0
configure:5436: result: none required
configure:5504: checking for mode_t
configure:5504: gcc -c -g -O2  conftest.c >&5
configure:5504: $? = 0
configure:5504: gcc -c -g -O2  conftest.c >&5
conftest.c: In function 'main':
conftest.c:73:21: error: expected expression before ')' token
 if (sizeof ((mode_t)))
                     ^
configure:5504: $? = 1
configure: failed program was:
| /* confdefs.h */
| #define PACKAGE_NAME "Jed"
| #define PACKAGE_TARNAME "jed"
| #define PACKAGE_VERSION "0.99-19"
| #define PACKAGE_STRING "Jed 0.99-19"
| #define PACKAGE_BUGREPORT "jed-users@jedsoft.org"
| #define PACKAGE_URL ""
| #define STDC_HEADERS 1
| #define HAVE_SYS_TYPES_H 1
| #define HAVE_SYS_STAT_H 1
| #define HAVE_STDLIB_H 1
| #define HAVE_STRING_H 1
| #define HAVE_MEMORY_H 1
| #define HAVE_STRINGS_H 1
| #define HAVE_INTTYPES_H 1
| #define HAVE_STDINT_H 1
| #define HAVE_UNISTD_H 1
| #define __EXTENSIONS__ 1
| #define _ALL_SOURCE 1
| #define _GNU_SOURCE 1
| #define _POSIX_PTHREAD_SEMANTICS 1
| #define _TANDEM_SOURCE 1
| #define HAVE_DLFCN_H 1
| #define HAVE_DLOPEN 1
| #define HAVE_STDLIB_H 1
| #define HAVE_UNISTD_H 1
| #define HAVE_MEMORY_H 1
| #define HAVE_GLOB_H 1
| #define HAVE_MALLOC_H 1
| #define HAVE_TERMIOS_H 1
| #define HAVE_FCNTL_H 1
| #define HAVE_SYS_FCNTL_H 1
| #define HAVE_PTY_H 1
| #define HAVE_SYS_WAIT_H 1
| #define HAVE_DIRENT_H 1
| /* end confdefs.h.  */
| #include <stdio.h>
| #ifdef HAVE_SYS_TYPES_H
| # include <sys/types.h>
| #endif
| #ifdef HAVE_SYS_STAT_H
| # include <sys/stat.h>
| #endif
| #ifdef STDC_HEADERS
| # include <stdlib.h>
| # include <stddef.h>
| #else
| # ifdef HAVE_STDLIB_H
| #  include <stdlib.h>
| # endif
| #endif
| #ifdef HAVE_STRING_H
| # if !defined STDC_HEADERS && defined HAVE_MEMORY_H
| #  include <memory.h>
| # endif
| # include <string.h>
| #endif
| #ifdef HAVE_STRINGS_H
| # include <strings.h>
| #endif
| #ifdef HAVE_INTTYPES_H
| # include <inttypes.h>
| #endif
| #ifdef HAVE_STDINT_H
| # include <stdint.h>
| #endif
| #ifdef HAVE_UNISTD_H
| # include <unistd.h>
| #endif
| int
| main ()
| {
| if (sizeof ((mode_t)))
| 	    return 0;
|   ;
|   return 0;
| }
configure:5504: result: yes
configure:5515: checking for pid_t
configure:5515: gcc -c -g -O2  conftest.c >&5
configure:5515: $? = 0
configure:5515: gcc -c -g -O2  conftest.c >&5
conftest.c: In function 'main':
conftest.c:73:20: error: expected expression before ')' token
 if (sizeof ((pid_t)))
                    ^
configure:5515: $? = 1
configure: failed program was:
| /* confdefs.h */
| #define PACKAGE_NAME "Jed"
| #define PACKAGE_TARNAME "jed"
| #define PACKAGE_VERSION "0.99-19"
| #define PACKAGE_STRING "Jed 0.99-19"
| #define PACKAGE_BUGREPORT "jed-users@jedsoft.org"
| #define PACKAGE_URL ""
| #define STDC_HEADERS 1
| #define HAVE_SYS_TYPES_H 1
| #define HAVE_SYS_STAT_H 1
| #define HAVE_STDLIB_H 1
| #define HAVE_STRING_H 1
| #define HAVE_MEMORY_H 1
| #define HAVE_STRINGS_H 1
| #define HAVE_INTTYPES_H 1
| #define HAVE_STDINT_H 1
| #define HAVE_UNISTD_H 1
| #define __EXTENSIONS__ 1
| #define _ALL_SOURCE 1
| #define _GNU_SOURCE 1
| #define _POSIX_PTHREAD_SEMANTICS 1
| #define _TANDEM_SOURCE 1
| #define HAVE_DLFCN_H 1
| #define HAVE_DLOPEN 1
| #define HAVE_STDLIB_H 1
| #define HAVE_UNISTD_H 1
| #define HAVE_MEMORY_H 1
| #define HAVE_GLOB_H 1
| #define HAVE_MALLOC_H 1
| #define HAVE_TERMIOS_H 1
| #define HAVE_FCNTL_H 1
| #define HAVE_SYS_FCNTL_H 1
| #define HAVE_PTY_H 1
| #define HAVE_SYS_WAIT_H 1
| #define HAVE_DIRENT_H 1
| /* end confdefs.h.  */
| #include <stdio.h>
| #ifdef HAVE_SYS_TYPES_H
| # include <sys/types.h>
| #endif
| #ifdef HAVE_SYS_STAT_H
| # include <sys/stat.h>
| #endif
| #ifdef STDC_HEADERS
| # include <stdlib.h>
| # include <stddef.h>
| #else
| # ifdef HAVE_STDLIB_H
| #  include <stdlib.h>
| # endif
| #endif
| #ifdef HAVE_STRING_H
| # if !defined STDC_HEADERS && defined HAVE_MEMORY_H
| #  include <memory.h>
| # endif
| # include <string.h>
| #endif
| #ifdef HAVE_STRINGS_H
| # include <strings.h>
| #endif
| #ifdef HAVE_INTTYPES_H
| # include <inttypes.h>
| #endif
| #ifdef HAVE_STDINT_H
| # include <stdint.h>
| #endif
| #ifdef HAVE_UNISTD_H
| # include <unistd.h>
| #endif
| int
| main ()
| {
| if (sizeof ((pid_t)))
| 	    return 0;
|   ;
|   return 0;
| }
configure:5515: result: yes
configure:5526: checking for uid_t in sys/types.h
configure:5545: result: yes
configure:5556: checking for dev_t
configure:5556: gcc -c -g -O2  conftest.c >&5
configure:5556: $? = 0
configure:5556: gcc -c -g -O2  conftest.c >&5
conftest.c: In function 'main':
conftest.c:73:20: error: expected expression before ')' token
 if (sizeof ((dev_t)))
                    ^
configure:5556: $? = 1
configure: failed program was:
| /* confdefs.h */
| #define PACKAGE_NAME "Jed"
| #define PACKAGE_TARNAME "jed"
| #define PACKAGE_VERSION "0.99-19"
| #define PACKAGE_STRING "Jed 0.99-19"
| #define PACKAGE_BUGREPORT "jed-users@jedsoft.org"
| #define PACKAGE_URL ""
| #define STDC_HEADERS 1
| #define HAVE_SYS_TYPES_H 1
| #define HAVE_SYS_STAT_H 1
| #define HAVE_STDLIB_H 1
| #define HAVE_STRING_H 1
| #define HAVE_MEMORY_H 1
| #define HAVE_STRINGS_H 1
| #define HAVE_INTTYPES_H 1
| #define HAVE_STDINT_H 1
| #define HAVE_UNISTD_H 1
| #define __EXTENSIONS__ 1
| #define _ALL_SOURCE 1
| #define _GNU_SOURCE 1
| #define _POSIX_PTHREAD_SEMANTICS 1
| #define _TANDEM_SOURCE 1
| #define HAVE_DLFCN_H 1
| #define HAVE_DLOPEN 1
| #define HAVE_STDLIB_H 1
| #define HAVE_UNISTD_H 1
| #define HAVE_MEMORY_H 1
| #define HAVE_GLOB_H 1
| #define HAVE_MALLOC_H 1
| #define HAVE_TERMIOS_H 1
| #define HAVE_FCNTL_H 1
| #define HAVE_SYS_FCNTL_H 1
| #define HAVE_PTY_H 1
| #define HAVE_SYS_WAIT_H 1
| #define HAVE_DIRENT_H 1
| /* end confdefs.h.  */
| #include <stdio.h>
| #ifdef HAVE_SYS_TYPES_H
| # include <sys/types.h>
| #endif
| #ifdef HAVE_SYS_STAT_H
| # include <sys/stat.h>
| #endif
| #ifdef STDC_HEADERS
| # include <stdlib.h>
| # include <stddef.h>
| #else
| # ifdef HAVE_STDLIB_H
| #  include <stdlib.h>
| # endif
| #endif
| #ifdef HAVE_STRING_H
| # if !defined STDC_HEADERS && defined HAVE_MEMORY_H
| #  include <memory.h>
| # endif
| # include <string.h>
| #endif
| #ifdef HAVE_STRINGS_H
| # include <strings.h>
| #endif
| #ifdef HAVE_INTTYPES_H
| # include <inttypes.h>
| #endif
| #ifdef HAVE_STDINT_H
| # include <stdint.h>
| #endif
| #ifdef HAVE_UNISTD_H
| # include <unistd.h>
| #endif
| int
| main ()
| {
| if (sizeof ((dev_t)))
| 	    return 0;
|   ;
|   return 0;
| }
configure:5556: result: yes
configure:5565: checking for ino_t
configure:5565: gcc -c -g -O2  conftest.c >&5
configure:5565: $? = 0
configure:5565: gcc -c -g -O2  conftest.c >&5
conftest.c: In function 'main':
conftest.c:74:20: error: expected expression before ')' token
 if (sizeof ((ino_t)))
                    ^
configure:5565: $? = 1
configure: failed program was:
| /* confdefs.h */
| #define PACKAGE_NAME "Jed"
| #define PACKAGE_TARNAME "jed"
| #define PACKAGE_VERSION "0.99-19"
| #define PACKAGE_STRING "Jed 0.99-19"
| #define PACKAGE_BUGREPORT "jed-users@jedsoft.org"
| #define PACKAGE_URL ""
| #define STDC_HEADERS 1
| #define HAVE_SYS_TYPES_H 1
| #define HAVE_SYS_STAT_H 1
| #define HAVE_STDLIB_H 1
| #define HAVE_STRING_H 1
| #define HAVE_MEMORY_H 1
| #define HAVE_STRINGS_H 1
| #define HAVE_INTTYPES_H 1
| #define HAVE_STDINT_H 1
| #define HAVE_UNISTD_H 1
| #define __EXTENSIONS__ 1
| #define _ALL_SOURCE 1
| #define _GNU_SOURCE 1
| #define _POSIX_PTHREAD_SEMANTICS 1
| #define _TANDEM_SOURCE 1
| #define HAVE_DLFCN_H 1
| #define HAVE_DLOPEN 1
| #define HAVE_STDLIB_H 1
| #define HAVE_UNISTD_H 1
| #define HAVE_MEMORY_H 1
| #define HAVE_GLOB_H 1
| #define HAVE_MALLOC_H 1
| #define HAVE_TERMIOS_H 1
| #define HAVE_FCNTL_H 1
| #define HAVE_SYS_FCNTL_H 1
| #define HAVE_PTY_H 1
| #define HAVE_SYS_WAIT_H 1
| #define HAVE_DIRENT_H 1
| #define HAVE_DEV_T 1
| /* end confdefs.h.  */
| #include <stdio.h>
| #ifdef HAVE_SYS_TYPES_H
| # include <sys/types.h>
| #endif
| #ifdef HAVE_SYS_STAT_H
| # include <sys/stat.h>
| #endif
| #ifdef STDC_HEADERS
| # include <stdlib.h>
| # include <stddef.h>
| #else
| # ifdef HAVE_STDLIB_H
| #  include <stdlib.h>
| # endif
| #endif
| #ifdef HAVE_STRING_H
| # if !defined STDC_HEADERS && defined HAVE_MEMORY_H
| #  include <memory.h>
| # endif
| # include <string.h>
| #endif
| #ifdef HAVE_STRINGS_H
| # include <strings.h>
| #endif
| #ifdef HAVE_INTTYPES_H
| # include <inttypes.h>
| #endif
| #ifdef HAVE_STDINT_H
| # include <stdint.h>
| #endif
| #ifdef HAVE_UNISTD_H
| # include <unistd.h>
| #endif
| int
| main ()
| {
| if (sizeof ((ino_t)))
| 	    return 0;
|   ;
|   return 0;
| }
configure:5565: result: yes
configure:5576: checking for openpty in -lutil
configure:5601: gcc -o conftest -g -O2   conftest.c -lutil   >&5
configure:5601: $? = 0
configure:5610: result: yes
configure:5646: checking for memset
configure:5646: gcc -o conftest -g -O2   conftest.c -lutil  >&5
conftest.c:63:6: warning: conflicting types for built-in function 'memset' [-Wbuiltin-declaration-mismatch]
 char memset ();
      ^~~~~~
configure:5646: $? = 0
configure:5646: result: yes
configure:5646: checking for memcpy
configure:5646: gcc -o conftest -g -O2   conftest.c -lutil  >&5
conftest.c:64:6: warning: conflicting types for built-in function 'memcpy' [-Wbuiltin-declaration-mismatch]
 char memcpy ();
      ^~~~~~
configure:5646: $? = 0
configure:5646: result: yes
configure:5646: checking for putenv
configure:5646: gcc -o conftest -g -O2   conftest.c -lutil  >&5
configure:5646: $? = 0
configure:5646: result: yes
configure:5646: checking for setenv
configure:5646: gcc -o conftest -g -O2   conftest.c -lutil  >&5
configure:5646: $? = 0
configure:5646: result: yes
configure:5646: checking for unsetenv
configure:5646: gcc -o conftest -g -O2   conftest.c -lutil  >&5
configure:5646: $? = 0
configure:5646: result: yes
configure:5646: checking for getcwd
configure:5646: gcc -o conftest -g -O2   conftest.c -lutil  >&5
configure:5646: $? = 0
configure:5646: result: yes
configure:5646: checking for setsid
configure:5646: gcc -o conftest -g -O2   conftest.c -lutil  >&5
configure:5646: $? = 0
configure:5646: result: yes
configure:5646: checking for tcgetattr
configure:5646: gcc -o conftest -g -O2   conftest.c -lutil  >&5
configure:5646: $? = 0
configure:5646: result: yes
configure:5646: checking for tcsetattr
configure:5646: gcc -o conftest -g -O2   conftest.c -lutil  >&5
configure:5646: $? = 0
configure:5646: result: yes
configure:5646: checking for cfgetospeed
configure:5646: gcc -o conftest -g -O2   conftest.c -lutil  >&5
configure:5646: $? = 0
configure:5646: result: yes
configure:5646: checking for grantpt
configure:5646: gcc -o conftest -g -O2   conftest.c -lutil  >&5
configure:5646: $? = 0
configure:5646: result: yes
configure:5646: checking for setlocale
configure:5646: gcc -o conftest -g -O2   conftest.c -lutil  >&5
configure:5646: $? = 0
configure:5646: result: yes
configure:5646: checking for utime
configure:5646: gcc -o conftest -g -O2   conftest.c -lutil  >&5
configure:5646: $? = 0
configure:5646: result: yes
configure:5646: checking for symlink
configure:5646: gcc -o conftest -g -O2   conftest.c -lutil  >&5
configure:5646: $? = 0
configure:5646: result: yes
configure:5646: checking for gethostname
configure:5646: gcc -o conftest -g -O2   conftest.c -lutil  >&5
configure:5646: $? = 0
configure:5646: result: yes
configure:5646: checking for tcgetpgrp
configure:5646: gcc -o conftest -g -O2   conftest.c -lutil  >&5
configure:5646: $? = 0
configure:5646: result: yes
configure:5646: checking for tcsetpgrp
configure:5646: gcc -o conftest -g -O2   conftest.c -lutil  >&5
configure:5646: $? = 0
configure:5646: result: yes
configure:5646: checking for getpgid
configure:5646: gcc -o conftest -g -O2   conftest.c -lutil  >&5
configure:5646: $? = 0
configure:5646: result: yes
configure:5646: checking for setpgid
configure:5646: gcc -o conftest -g -O2   conftest.c -lutil  >&5
configure:5646: $? = 0
configure:5646: result: yes
configure:5646: checking for openpty
configure:5646: gcc -o conftest -g -O2   conftest.c -lutil  >&5
configure:5646: $? = 0
configure:5646: result: yes
configure:5646: checking for fsync
configure:5646: gcc -o conftest -g -O2   conftest.c -lutil  >&5
configure:5646: $? = 0
configure:5646: result: yes
configure:5646: checking for snprintf
configure:5646: gcc -o conftest -g -O2   conftest.c -lutil  >&5
conftest.c:84:6: warning: conflicting types for built-in function 'snprintf' [-Wbuiltin-declaration-mismatch]
 char snprintf ();
      ^~~~~~~~
configure:5646: $? = 0
configure:5646: result: yes
configure:5646: checking for vsnprintf
configure:5646: gcc -o conftest -g -O2   conftest.c -lutil  >&5
conftest.c:85:6: warning: conflicting types for built-in function 'vsnprintf' [-Wbuiltin-declaration-mismatch]
 char vsnprintf ();
      ^~~~~~~~~
configure:5646: $? = 0
configure:5646: result: yes
configure:5660: checking size of short
configure:5665: gcc -o conftest -g -O2   conftest.c -lutil  >&5
configure:5665: $? = 0
configure:5665: ./conftest
configure:5665: $? = 0
configure:5679: result: 2
configure:5693: checking size of int
configure:5698: gcc -o conftest -g -O2   conftest.c -lutil  >&5
configure:5698: $? = 0
configure:5698: ./conftest
configure:5698: $? = 0
configure:5712: result: 4
configure:5726: checking size of long
configure:5731: gcc -o conftest -g -O2   conftest.c -lutil  >&5
configure:5731: $? = 0
configure:5731: ./conftest
configure:5731: $? = 0
configure:5745: result: 8
configure:5759: checking size of float
configure:5764: gcc -o conftest -g -O2   conftest.c -lutil  >&5
configure:5764: $? = 0
configure:5764: ./conftest
configure:5764: $? = 0
configure:5778: result: 4
configure:5792: checking size of double
configure:5797: gcc -o conftest -g -O2   conftest.c -lutil  >&5
configure:5797: $? = 0
configure:5797: ./conftest
configure:5797: $? = 0
configure:5811: result: 8
configure:5822: checking for long long
configure:5822: gcc -c -g -O2  conftest.c >&5
configure:5822: $? = 0
configure:5822: gcc -c -g -O2  conftest.c >&5
conftest.c: In function 'main':
conftest.c:104:24: error: expected expression before ')' token
 if (sizeof ((long long)))
                        ^
configure:5822: $? = 1
configure: failed program was:
| /* confdefs.h */
| #define PACKAGE_NAME "Jed"
| #define PACKAGE_TARNAME "jed"
| #define PACKAGE_VERSION "0.99-19"
| #define PACKAGE_STRING "Jed 0.99-19"
| #define PACKAGE_BUGREPORT "jed-users@jedsoft.org"
| #define PACKAGE_URL ""
| #define STDC_HEADERS 1
| #define HAVE_SYS_TYPES_H 1
| #define HAVE_SYS_STAT_H 1
| #define HAVE_STDLIB_H 1
| #define HAVE_STRING_H 1
| #define HAVE_MEMORY_H 1
| #define HAVE_STRINGS_H 1
| #define HAVE_INTTYPES_H 1
| #define HAVE_STDINT_H 1
| #define HAVE_UNISTD_H 1
| #define __EXTENSIONS__ 1
| #define _ALL_SOURCE 1
| #define _GNU_SOURCE 1
| #define _POSIX_PTHREAD_SEMANTICS 1
| #define _TANDEM_SOURCE 1
| #define HAVE_DLFCN_H 1
| #define HAVE_DLOPEN 1
| #define HAVE_STDLIB_H 1
| #define HAVE_UNISTD_H 1
| #define HAVE_MEMORY_H 1
| #define HAVE_GLOB_H 1
| #define HAVE_MALLOC_H 1
| #define HAVE_TERMIOS_H 1
| #define HAVE_FCNTL_H 1
| #define HAVE_SYS_FCNTL_H 1
| #define HAVE_PTY_H 1
| #define HAVE_SYS_WAIT_H 1
| #define HAVE_DIRENT_H 1
| #define HAVE_DEV_T 1
| #define HAVE_INO_T 1
| #define HAVE_LIBUTIL 1
| #define HAVE_MEMSET 1
| #define HAVE_MEMCPY 1
| #define HAVE_PUTENV 1
| #define HAVE_SETENV 1
| #define HAVE_UNSETENV 1
| #define HAVE_GETCWD 1
| #define HAVE_SETSID 1
| #define HAVE_TCGETATTR 1
| #define HAVE_TCSETATTR 1
| #define HAVE_CFGETOSPEED 1
| #define HAVE_GRANTPT 1
| #define HAVE_SETLOCALE 1
| #define HAVE_UTIME 1
| #define HAVE_SYMLINK 1
| #define HAVE_GETHOSTNAME 1
| #define HAVE_TCGETPGRP 1
| #define HAVE_TCSETPGRP 1
| #define HAVE_GETPGID 1
| #define HAVE_SETPGID 1
| #define HAVE_OPENPTY 1
| #define HAVE_FSYNC 1
| #define HAVE_SNPRINTF 1
| #define HAVE_VSNPRINTF 1
| #define SIZEOF_SHORT 2
| #define SIZEOF_INT 4
| #define SIZEOF_LONG 8
| #define SIZEOF_FLOAT 4
| #define SIZEOF_DOUBLE 8
| /* end confdefs.h.  */
| #include <stdio.h>
| #ifdef HAVE_SYS_TYPES_H
| # include <sys/types.h>
| #endif
| #ifdef HAVE_SYS_STAT_H
| # include <sys/stat.h>
| #endif
| #ifdef STDC_HEADERS
| # include <stdlib.h>
| # include <stddef.h>
| #else
| # ifdef HAVE_STDLIB_H
| #  include <stdlib.h>
| # endif
| #endif
| #ifdef HAVE_STRING_H
| # if !defined STDC_HEADERS && defined HAVE_MEMORY_H
| #  include <memory.h>
| # endif
| # include <string.h>
| #endif
| #ifdef HAVE_STRINGS_H
| # include <strings.h>
| #endif
| #ifdef HAVE_INTTYPES_H
| # include <inttypes.h>
| #endif
| #ifdef HAVE_STDINT_H
| # include <stdint.h>
| #endif
| #ifdef HAVE_UNISTD_H
| # include <unistd.h>
| #endif
| int
| main ()
| {
| if (sizeof ((long long)))
| 	    return 0;
|   ;
|   return 0;
| }
configure:5822: result: yes
configure:5836: checking size of long long
configure:5841: gcc -o conftest -g -O2   conftest.c -lutil  >&5
configure:5841: $? = 0
configure:5841: ./conftest
configure:5841: $? = 0
configure:5855: result: 8
configure:5874: checking for special C compiler options needed for large files
configure:5919: result: no
configure:5925: checking for _FILE_OFFSET_BITS value needed for large files
configure:5950: gcc -c -g -O2  conftest.c >&5
configure:5950: $? = 0
configure:5982: result: no
configure:6067: checking for _LARGEFILE_SOURCE value needed for large files
configure:6086: gcc -o conftest -g -O2   conftest.c -lutil  >&5
configure:6086: $? = 0
configure:6114: result: no
configure:6135: checking for off_t
configure:6135: gcc -c -g -O2  conftest.c >&5
configure:6135: $? = 0
configure:6135: gcc -c -g -O2  conftest.c >&5
conftest.c: In function 'main':
conftest.c:107:20: error: expected expression before ')' token
 if (sizeof ((off_t)))
                    ^
configure:6135: $? = 1
configure: failed program was:
| /* confdefs.h */
| #define PACKAGE_NAME "Jed"
| #define PACKAGE_TARNAME "jed"
| #define PACKAGE_VERSION "0.99-19"
| #define PACKAGE_STRING "Jed 0.99-19"
| #define PACKAGE_BUGREPORT "jed-users@jedsoft.org"
| #define PACKAGE_URL ""
| #define STDC_HEADERS 1
| #define HAVE_SYS_TYPES_H 1
| #define HAVE_SYS_STAT_H 1
| #define HAVE_STDLIB_H 1
| #define HAVE_STRING_H 1
| #define HAVE_MEMORY_H 1
| #define HAVE_STRINGS_H 1
| #define HAVE_INTTYPES_H 1
| #define HAVE_STDINT_H 1
| #define HAVE_UNISTD_H 1
| #define __EXTENSIONS__ 1
| #define _ALL_SOURCE 1
| #define _GNU_SOURCE 1
| #define _POSIX_PTHREAD_SEMANTICS 1
| #define _TANDEM_SOURCE 1
| #define HAVE_DLFCN_H 1
| #define HAVE_DLOPEN 1
| #define HAVE_STDLIB_H 1
| #define HAVE_UNISTD_H 1
| #define HAVE_MEMORY_H 1
| #define HAVE_GLOB_H 1
| #define HAVE_MALLOC_H 1
| #define HAVE_TERMIOS_H 1
| #define HAVE_FCNTL_H 1
| #define HAVE_SYS_FCNTL_H 1
| #define HAVE_PTY_H 1
| #define HAVE_SYS_WAIT_H 1
| #define HAVE_DIRENT_H 1
| #define HAVE_DEV_T 1
| #define HAVE_INO_T 1
| #define HAVE_LIBUTIL 1
| #define HAVE_MEMSET 1
| #define HAVE_MEMCPY 1
| #define HAVE_PUTENV 1
| #define HAVE_SETENV 1
| #define HAVE_UNSETENV 1
| #define HAVE_GETCWD 1
| #define HAVE_SETSID 1
| #define HAVE_TCGETATTR 1
| #define HAVE_TCSETATTR 1
| #define HAVE_CFGETOSPEED 1
| #define HAVE_GRANTPT 1
| #define HAVE_SETLOCALE 1
| #define HAVE_UTIME 1
| #define HAVE_SYMLINK 1
| #define HAVE_GETHOSTNAME 1
| #define HAVE_TCGETPGRP 1
| #define HAVE_TCSETPGRP 1
| #define HAVE_GETPGID 1
| #define HAVE_SETPGID 1
| #define HAVE_OPENPTY 1
| #define HAVE_FSYNC 1
| #define HAVE_SNPRINTF 1
| #define HAVE_VSNPRINTF 1
| #define SIZEOF_SHORT 2
| #define SIZEOF_INT 4
| #define SIZEOF_LONG 8
| #define SIZEOF_FLOAT 4
| #define SIZEOF_DOUBLE 8
| #define HAVE_LONG_LONG 1
| #define SIZEOF_LONG_LONG 8
| #define HAVE_FSEEKO 1
| /* end confdefs.h.  */
| #include <stdio.h>
| #ifdef HAVE_SYS_TYPES_H
| # include <sys/types.h>
| #endif
| #ifdef HAVE_SYS_STAT_H
| # include <sys/stat.h>
| #endif
| #ifdef STDC_HEADERS
| # include <stdlib.h>
| # include <stddef.h>
| #else
| # ifdef HAVE_STDLIB_H
| #  include <stdlib.h>
| # endif
| #endif
| #ifdef HAVE_STRING_H
| # if !defined STDC_HEADERS && defined HAVE_MEMORY_H
| #  include <memory.h>
| # endif
| # include <string.h>
| #endif
| #ifdef HAVE_STRINGS_H
| # include <strings.h>
| #endif
| #ifdef HAVE_INTTYPES_H
| # include <inttypes.h>
| #endif
| #ifdef HAVE_STDINT_H
| # include <stdint.h>
| #endif
| #ifdef HAVE_UNISTD_H
| # include <unistd.h>
| #endif
| int
| main ()
| {
| if (sizeof ((off_t)))
| 	    return 0;
|   ;
|   return 0;
| }
configure:6135: result: yes
configure:6150: checking size of off_t
configure:6155: gcc -o conftest -g -O2   conftest.c -lutil  >&5
configure:6155: $? = 0
configure:6155: ./conftest
configure:6155: $? = 0
configure:6169: result: 8
configure:6204: checking for ncurses5-config
configure:6222: found /usr/bin/ncurses5-config
configure:6235: result: /usr/bin/ncurses5-config
configure:6287: checking for terminfo
configure:6306: result: yes
configure:6436: checking for the slang library and header files 
configure:6512: result: yes: /usr/lib/x86_64-linux-gnu and /usr/include
configure:6642: checking for XftFontOpen in -lXft
configure:6667: gcc -o conftest -g -O2   conftest.c -lXft  -lutil  >&5
configure:6667: $? = 0
configure:6676: result: yes
configure:6685: checking for pkg-config
configure:6703: found /usr/bin/pkg-config
configure:6715: result: /usr/bin/pkg-config
configure:6754: checking for Gpm_Open in -lgpm
configure:6779: gcc -o conftest -g -O2   conftest.c -lgpm  -lutil  >&5
configure:6779: $? = 0
configure:6788: result: yes
configure:6830: checking for GTK
configure:6838: $PKG_CONFIG --exists --print-errors "gtk+-2.0 >= 2.8.0"
configure:6841: $? = 0
configure:6856: $PKG_CONFIG --exists --print-errors "gtk+-2.0 >= 2.8.0"
configure:6859: $? = 0
configure:6895: result: yes
configure:6900: checking for gtk+-2.0 version >= 2.8.0
configure:6902: result: yes
configure:6904: result: CFlags: -pthread -I/usr/include/gtk-2.0 -I/usr/lib/x86_64-linux-gnu/gtk-2.0/include -I/usr/include/gio-unix-2.0/ -I/usr/include/cairo -I/usr/include/pango-1.0 -I/usr/include/atk-1.0 -I/usr/include/cairo -I/usr/include/pixman-1 -I/usr/include/gdk-pixbuf-2.0 -I/usr/include/pango-1.0 -I/usr/include/harfbuzz -I/usr/include/pango-1.0 -I/usr/include/fribidi -I/usr/include/glib-2.0 -I/usr/lib/x86_64-linux-gnu/glib-2.0/include -I/usr/include/uuid -I/usr/include/freetype2 -I/usr/include/libpng16
configure:6906: result: Libraries: -lgtk-x11-2.0 -lgdk-x11-2.0 -lpangocairo-1.0 -latk-1.0 -lcairo -lgdk_pixbuf-2.0 -lgio-2.0 -lpangoft2-1.0 -lpango-1.0 -lgobject-2.0 -lglib-2.0 -lfontconfig -lfreetype
configure:7038: creating ./config.status

## ---------------------- ##
## Running config.status. ##
## ---------------------- ##

This file was extended by Jed config.status 0.99-19, which was
generated by GNU Autoconf 2.69.  Invocation command line was

  CONFIG_FILES    = 
  CONFIG_HEADERS  = 
  CONFIG_LINKS    = 
  CONFIG_COMMANDS = 
  $ ./config.status 

on quicksand64

config.status:918: creating Makefile
config.status:918: creating src/Makefile
config.status:918: creating src/sysconf.h
config.status:1093: src/sysconf.h is unchanged

## ---------------- ##
## Cache variables. ##
## ---------------- ##

ac_cv_build=x86_64-unknown-linux-gnu
ac_cv_c_compiler_gnu=yes
ac_cv_env_CC_set=
ac_cv_env_CC_value=
ac_cv_env_CFLAGS_set=
ac_cv_env_CFLAGS_value=
ac_cv_env_CPPFLAGS_set=
ac_cv_env_CPPFLAGS_value=
ac_cv_env_CPP_set=
ac_cv_env_CPP_value=
ac_cv_env_GTK_CFLAGS_set=
ac_cv_env_GTK_CFLAGS_value=
ac_cv_env_GTK_LIBS_set=
ac_cv_env_GTK_LIBS_value=
ac_cv_env_LDFLAGS_set=
ac_cv_env_LDFLAGS_value=
ac_cv_env_LIBS_set=
ac_cv_env_LIBS_value=
ac_cv_env_PKG_CONFIG_set=
ac_cv_env_PKG_CONFIG_value=
ac_cv_env_XMKMF_set=
ac_cv_env_XMKMF_value=
ac_cv_env_build_alias_set=
ac_cv_env_build_alias_value=
ac_cv_env_host_alias_set=
ac_cv_env_host_alias_value=
ac_cv_env_target_alias_set=
ac_cv_env_target_alias_value=
ac_cv_func_cfgetospeed=yes
ac_cv_func_connect=yes
ac_cv_func_fsync=yes
ac_cv_func_getcwd=yes
ac_cv_func_gethostbyname=yes
ac_cv_func_gethostname=yes
ac_cv_func_getpgid=yes
ac_cv_func_grantpt=yes
ac_cv_func_memcpy=yes
ac_cv_func_memset=yes
ac_cv_func_openpty=yes
ac_cv_func_putenv=yes
ac_cv_func_remove=yes
ac_cv_func_setenv=yes
ac_cv_func_setlocale=yes
ac_cv_func_setpgid=yes
ac_cv_func_setsid=yes
ac_cv_func_shmat=yes
ac_cv_func_snprintf=yes
ac_cv_func_symlink=yes
ac_cv_func_tcgetattr=yes
ac_cv_func_tcgetpgrp=yes
ac_cv_func_tcsetattr=yes
ac_cv_func_tcsetpgrp=yes
ac_cv_func_unsetenv=yes
ac_cv_func_utime=yes
ac_cv_func_vsnprintf=yes
ac_cv_have_x='have_x=yes	ac_x_includes='\'''\''	ac_x_libraries='\'''\'''
ac_cv_header_dirent_dirent_h=yes
ac_cv_header_dlfcn_h=yes
ac_cv_header_fcntl_h=yes
ac_cv_header_glob_h=yes
ac_cv_header_inttypes_h=yes
ac_cv_header_malloc_h=yes
ac_cv_header_memory_h=yes
ac_cv_header_minix_config_h=no
ac_cv_header_pty_h=yes
ac_cv_header_stdc=yes
ac_cv_header_stdint_h=yes
ac_cv_header_stdlib_h=yes
ac_cv_header_string_h=yes
ac_cv_header_strings_h=yes
ac_cv_header_sys_fcntl_h=yes
ac_cv_header_sys_pty_h=no
ac_cv_header_sys_stat_h=yes
ac_cv_header_sys_types_h=yes
ac_cv_header_sys_wait_h=yes
ac_cv_header_termios_h=yes
ac_cv_header_unistd_h=yes
ac_cv_host=x86_64-unknown-linux-gnu
ac_cv_lib_ICE_IceConnectionNumber=yes
ac_cv_lib_Xft_XftFontOpen=yes
ac_cv_lib_dl_dlopen=yes
ac_cv_lib_gpm_Gpm_Open=yes
ac_cv_lib_util_openpty=yes
ac_cv_objext=o
ac_cv_path_EGREP='/bin/grep -E'
ac_cv_path_GREP=/bin/grep
ac_cv_path_PKGCONFIG=/usr/bin/pkg-config
ac_cv_path_ac_pt_PKG_CONFIG=/usr/bin/pkg-config
ac_cv_path_install='/usr/bin/install -c'
ac_cv_path_nc5config=/usr/bin/ncurses5-config
ac_cv_prog_CPP='gcc -E'
ac_cv_prog_ac_ct_CC=gcc
ac_cv_prog_ac_ct_RANLIB=ranlib
ac_cv_prog_cc_c89=
ac_cv_prog_cc_g=yes
ac_cv_prog_gcc_traditional=no
ac_cv_prog_make_make_set=yes
ac_cv_safe_to_define___extensions__=yes
ac_cv_search_opendir='none required'
ac_cv_search_strerror='none required'
ac_cv_sizeof_double=8
ac_cv_sizeof_float=4
ac_cv_sizeof_int=4
ac_cv_sizeof_long=8
ac_cv_sizeof_long_long=8
ac_cv_sizeof_off_t=8
ac_cv_sizeof_short=2
ac_cv_sys_file_offset_bits=no
ac_cv_sys_largefile_CC=no
ac_cv_sys_largefile_source=no
ac_cv_type_dev_t=yes
ac_cv_type_ino_t=yes
ac_cv_type_long_long=yes
ac_cv_type_mode_t=yes
ac_cv_type_off_t=yes
ac_cv_type_pid_t=yes
ac_cv_type_uid_t=yes
pkg_cv_GTK_CFLAGS='-pthread -I/usr/include/gtk-2.0 -I/usr/lib/x86_64-linux-gnu/gtk-2.0/include -I/usr/include/gio-unix-2.0/ -I/usr/include/cairo -I/usr/include/pango-1.0 -I/usr/include/atk-1.0 -I/usr/include/cairo -I/usr/include/pixman-1 -I/usr/include/gdk-pixbuf-2.0 -I/usr/include/pango-1.0 -I/usr/include/harfbuzz -I/usr/include/pango-1.0 -I/usr/include/fribidi -I/usr/include/glib-2.0 -I/usr/lib/x86_64-linux-gnu/glib-2.0/include -I/usr/include/uuid -I/usr/include/freetype2 -I/usr/include/libpng16'
pkg_cv_GTK_LIBS='-lgtk-x11-2.0 -lgdk-x11-2.0 -lpangocairo-1.0 -latk-1.0 -lcairo -lgdk_pixbuf-2.0 -lgio-2.0 -lpangoft2-1.0 -lpango-1.0 -lgobject-2.0 -lglib-2.0 -lfontconfig -lfreetype'

## ----------------- ##
## Output variables. ##
## ----------------- ##

BUILD_GTKJED='yes'
CC='gcc'
CC_SHARED='$(CC) -shared -fPIC $(CFLAGS)'
CC_SHARED_FLAGS='-shared -fPIC'
CFLAGS='-g -O2'
CONFIG_DIR='/root/src/jed-brief'
CPP='gcc -E'
CPPFLAGS=''
DEFS='-DHAVE_CONFIG_H'
DLL_IMPLIB_NAME=''
DYNAMIC_LINK_FLAGS='-Wl,-export-dynamic'
DYNAMIC_LINK_LIB='-ldl'
ECHO_C=''
ECHO_N='-n'
ECHO_T=''
EGREP='/bin/grep -E'
ELFDIR='/root/src/jed-brief/src/$(ARCH)elfobjs'
ELFLIB='lib$(THIS_LIB).so'
ELFLIB_BUILD_NAME='$(ELFLIB_MAJOR_MINOR_MICRO)'
ELFLIB_MAJOR='$(ELFLIB).$(ELF_MAJOR_VERSION)'
ELFLIB_MAJOR_MINOR='$(ELFLIB_MAJOR).$(ELF_MINOR_VERSION)'
ELFLIB_MAJOR_MINOR_MICRO='$(ELFLIB_MAJOR_MINOR).$(ELF_MICRO_VERSION)'
ELF_CC='$(CC)'
ELF_CFLAGS='$(CFLAGS) -fPIC'
ELF_DEP_LIBS='$(DL_LIB) -lm -lc'
ELF_LINK='$(CC) $(LDFLAGS) -shared -Wl,-O1 -Wl,--version-script,$(VERSION_SCRIPT) -Wl,-soname,$(ELFLIB_MAJOR)'
ELF_LINK_CMD=''
EXEEXT=''
GREP='/bin/grep'
GTK_CFLAGS='-pthread -I/usr/include/gtk-2.0 -I/usr/lib/x86_64-linux-gnu/gtk-2.0/include -I/usr/include/gio-unix-2.0/ -I/usr/include/cairo -I/usr/include/pango-1.0 -I/usr/include/atk-1.0 -I/usr/include/cairo -I/usr/include/pixman-1 -I/usr/include/gdk-pixbuf-2.0 -I/usr/include/pango-1.0 -I/usr/include/harfbuzz -I/usr/include/pango-1.0 -I/usr/include/fribidi -I/usr/include/glib-2.0 -I/usr/lib/x86_64-linux-gnu/glib-2.0/include -I/usr/include/uuid -I/usr/include/freetype2 -I/usr/include/libpng16'
GTK_LIBS='-lgtk-x11-2.0 -lgdk-x11-2.0 -lpangocairo-1.0 -latk-1.0 -lcairo -lgdk_pixbuf-2.0 -lgio-2.0 -lpangoft2-1.0 -lpango-1.0 -lgobject-2.0 -lglib-2.0 -lfontconfig -lfreetype'
INSTALL_DATA='${INSTALL} -m 644'
INSTALL_ELFLIB_TARGET='install-elf-and-links'
INSTALL_MODULE='$(INSTALL)'
INSTALL_PROGRAM='${INSTALL}'
INSTALL_SCRIPT='${INSTALL}'
JED_ROOT='/usr/jed'
LDFLAGS=''
LIBOBJS=''
LIBS='-lutil '
LTLIBOBJS=''
MISC_TERMINFO_DIRS='/etc/terminfo'
MOUSEDEFINES='-DUSE_GPM_MOUSE'
MOUSELIB='-lgpm'
MOUSE_OBJ_FILE='${OBJDIR}/gpmmouse.o'
MOUSE_O_FILE='gpmmouse.o'
M_LIB='-lm'
OBJDIR='/root/src/jed-brief/src/$(ARCH)objs'
OBJEXT='o'
PACKAGE_BUGREPORT='jed-users@jedsoft.org'
PACKAGE_NAME='Jed'
PACKAGE_STRING='Jed 0.99-19'
PACKAGE_TARNAME='jed'
PACKAGE_URL=''
PACKAGE_VERSION='0.99-19'
PATH_SEPARATOR=':'
PKGCONFIG='/usr/bin/pkg-config'
PKG_CONFIG='/usr/bin/pkg-config'
RANLIB='ranlib'
RPATH=''
SET_MAKE=''
SHELL='/bin/bash'
SLANG_DLL_CFLAGS=''
SLANG_INC=''
SLANG_INC_DIR='/usr/include'
SLANG_LIB=''
SLANG_LIB_DIR='/usr/lib/x86_64-linux-gnu'
SLANG_LIB_FOR_MODULES=''
SRCDIR='/root/src/jed-brief/src'
TERMCAP=''
XMKMF=''
XRENDERFONTLIBS='-lXft'
X_CFLAGS=' -I/usr/include/uuid -I/usr/include/freetype2 -I/usr/include/libpng16'
X_EXTRA_LIBS=''
X_LIBS=''
X_PRE_LIBS=' -lSM -lICE'
ac_ct_CC='gcc'
bindir='${exec_prefix}/bin'
build='x86_64-unknown-linux-gnu'
build_alias=''
build_cpu='x86_64'
build_os='linux-gnu'
build_vendor='unknown'
datadir='${datarootdir}'
datarootdir='${prefix}/share'
docdir='${datarootdir}/doc/${PACKAGE_TARNAME}'
dvidir='${docdir}'
exec_prefix='${prefix}'
host='x86_64-unknown-linux-gnu'
host_alias=''
host_cpu='x86_64'
host_os='linux-gnu'
host_vendor='unknown'
htmldir='${docdir}'
includedir='${prefix}/include'
infodir='${datarootdir}/info'
libdir='${exec_prefix}/lib'
libexecdir='${exec_prefix}/libexec'
localedir='${datarootdir}/locale'
localstatedir='${prefix}/var'
mandir='${datarootdir}/man'
nc5config='/usr/bin/ncurses5-config'
oldincludedir='/usr/include'
pdfdir='${docdir}'
prefix='/usr'
program_transform_name='s,x,x,'
psdir='${docdir}'
sbindir='${exec_prefix}/sbin'
sharedstatedir='${prefix}/com'
sysconfdir='${prefix}/etc'
target_alias=''

## ----------- ##
## confdefs.h. ##
## ----------- ##

/* confdefs.h */
#define PACKAGE_NAME "Jed"
#define PACKAGE_TARNAME "jed"
#define PACKAGE_VERSION "0.99-19"
#define PACKAGE_STRING "Jed 0.99-19"
#define PACKAGE_BUGREPORT "jed-users@jedsoft.org"
#define PACKAGE_URL ""
#define STDC_HEADERS 1
#define HAVE_SYS_TYPES_H 1
#define HAVE_SYS_STAT_H 1
#define HAVE_STDLIB_H 1
#define HAVE_STRING_H 1
#define HAVE_MEMORY_H 1
#define HAVE_STRINGS_H 1
#define HAVE_INTTYPES_H 1
#define HAVE_STDINT_H 1
#define HAVE_UNISTD_H 1
#define __EXTENSIONS__ 1
#define _ALL_SOURCE 1
#define _GNU_SOURCE 1
#define _POSIX_PTHREAD_SEMANTICS 1
#define _TANDEM_SOURCE 1
#define HAVE_DLFCN_H 1
#define HAVE_DLOPEN 1
#define HAVE_STDLIB_H 1
#define HAVE_UNISTD_H 1
#define HAVE_MEMORY_H 1
#define HAVE_GLOB_H 1
#define HAVE_MALLOC_H 1
#define HAVE_TERMIOS_H 1
#define HAVE_FCNTL_H 1
#define HAVE_SYS_FCNTL_H 1
#define HAVE_PTY_H 1
#define HAVE_SYS_WAIT_H 1
#define HAVE_DIRENT_H 1
#define HAVE_DEV_T 1
#define HAVE_INO_T 1
#define HAVE_LIBUTIL 1
#define HAVE_MEMSET 1
#define HAVE_MEMCPY 1
#define HAVE_PUTENV 1
#define HAVE_SETENV 1
#define HAVE_UNSETENV 1
#define HAVE_GETCWD 1
#define HAVE_SETSID 1
#define HAVE_TCGETATTR 1
#define HAVE_TCSETATTR 1
#define HAVE_CFGETOSPEED 1
#define HAVE_GRANTPT 1
#define HAVE_SETLOCALE 1
#define HAVE_UTIME 1
#define HAVE_SYMLINK 1
#define HAVE_GETHOSTNAME 1
#define HAVE_TCGETPGRP 1
#define HAVE_TCSETPGRP 1
#define HAVE_GETPGID 1
#define HAVE_SETPGID 1
#define HAVE_OPENPTY 1
#define HAVE_FSYNC 1
#define HAVE_SNPRINTF 1
#define HAVE_VSNPRINTF 1
#define SIZEOF_SHORT 2
#define SIZEOF_INT 4
#define SIZEOF_LONG 8
#define SIZEOF_FLOAT 4
#define SIZEOF_DOUBLE 8
#define HAVE_LONG_LONG 1
#define SIZEOF_LONG_LONG 8
#define HAVE_FSEEKO 1
#define SIZEOF_OFF_T 8
#define XJED_HAS_XRENDERFONT 1

configure: exit 0
